2023-05-01 23:38:00,216  INFO [main] RegisterUserPage:53 - Login:testsp
2023-05-01 23:45:36,574  INFO [main] RegisterUserPage:53 - Login:testsp
2023-05-01 23:47:09,268  INFO [main] RegisterUserPage:53 - Login:testsp234
2023-05-01 23:47:42,453  INFO [main] RegisterUserPage:53 - Login:testsp2345
2023-05-02 00:00:58,760  INFO [main] RegisterUserPage:53 - Login:testsp2345
2023-05-02 00:01:54,344  INFO [main] RegisterUserPage:53 - Login:testsp2345
2023-05-02 00:03:03,745  INFO [main] RegisterUserPage:53 - Login:
2023-05-02 00:22:23,785  INFO [main] RegisterUserPage:54 - Login:
2023-05-02 00:23:53,323  INFO [main] RegisterUserPage:54 - Login:
2023-05-02 00:38:47,360  INFO [main] RegisterUserPage:54 - Login:
2023-05-02 00:40:04,243  INFO [main] RegisterUserPage:54 - Login:
2023-05-02 00:42:30,043  INFO [main] RegisterUserPage:54 - Login:
2023-05-02 01:04:00,472  INFO [main] RegisterUserPage:54 - Login:testsp2345
2023-05-02 22:17:20,346  INFO [main] RegisterUserPage:58 - Login:testsp2345
2023-05-02 22:33:05,214  INFO [main] RegisterUserPage:58 - Login:testsp2345
2023-05-02 22:38:16,601  INFO [main] RegisterUserPage:58 - Login:testsp23456
2023-05-02 22:38:28,036  INFO [main] RegisterUserPage:58 - Login:testsp2345
2023-05-02 23:04:11,251  INFO [main] RegisterUserPage:60 - Login:User_23050223041124
2023-05-02 23:06:41,585  INFO [main] RegisterUserPage:58 - Login:User_23050223064158
2023-05-02 23:07:56,453  INFO [main] RegisterUserPage:58 - Login:User_23050223075645
2023-05-02 23:17:23,354  INFO [main] RegisterUserPage:77 - Login:testsp
2023-05-06 17:10:52,153  INFO [main] RegisterUserPage:79 - Login:User_23050617105204
2023-05-06 17:10:52,671  INFO [main] RegisterUserPage:92 - Login:User_23050617105204
2023-05-06 17:13:52,319  INFO [main] RegisterUserPage:78 - Login:testsp
2023-05-06 18:55:52,030  INFO [main] RegisterUserPage:76 - Login:User_23050618555202
2023-05-06 18:56:22,162  INFO [main] RegisterUserPage:76 - Login:User_23050618562215
2023-05-06 19:30:12,548  INFO [main] RegisterUserPage:91 - Login:ss
2023-05-06 19:41:32,085  INFO [main] RegisterUserPage:91 - Login:User_23050619413151
2023-05-06 19:41:58,400  INFO [main] RegisterUserPage:91 - Login:User_23050619415785
2023-05-06 19:42:41,715  INFO [main] RegisterUserPage:91 - Login:User_23050619424122
2023-05-06 19:44:06,083  INFO [main] RegisterUserPage:91 - Login:User_23050619440558
2023-05-06 19:47:58,635  INFO [main] RegisterUserPage:91 - Login:User_23050619475815
2023-05-06 19:53:59,005  INFO [main] RegisterUserPage:91 - Login:User_23050619535852
2023-05-06 19:54:38,714  INFO [main] RegisterUserPage:91 - Login:User_23050619543824
2023-05-06 19:55:00,583  INFO [main] RegisterUserPage:91 - Login:User_23050619550011
2023-05-06 19:56:02,447  INFO [main] RegisterUserPage:91 - Login:User_23050619560197
2023-05-06 20:01:05,189  INFO [main] RegisterUserPage:91 - Login:User_23050620010472
2023-05-06 20:01:46,975  INFO [main] RegisterUserPage:91 - Login:abc
2023-05-06 20:03:27,223  INFO [main] RegisterUserPage:91 - Login:abc
2023-05-06 20:10:58,909  INFO [main] RegisterUserPage:93 - Login:User_23050620104832
2023-05-06 20:11:37,292  INFO [main] RegisterUserPage:92 - Login:User_23050620113681
2023-05-07 12:08:13,633  INFO [main] RegisterUserPage:89 - Login:User_23050712081332
2023-05-07 16:36:11,137  INFO [main] RegisterUserPage:89 - Login:User_23050716361074
